# JRE version: 7.0_21-b11
# Java VM: Java HotSpot(TM) 64-Bit Server VM (23.21-b01 mixed mode windows-amd64 compressed oops)
Heap
 PSYoungGen      total 136000K, used 512K [0x00000000f7ab0000, 0x0000000100000000, 0x0000000100000000)
  eden space 135488K, 0% used [0x00000000f7ab0000,0x00000000f7ab0000,0x00000000fff00000)
  from space 512K, 100% used [0x00000000fff80000,0x0000000100000000,0x0000000100000000)
  to   space 512K, 0% used [0x00000000fff00000,0x00000000fff00000,0x00000000fff80000)
 ParOldGen       total 273088K, used 243914K [0x00000000e7000000, 0x00000000f7ab0000, 0x00000000f7ab0000)
  object space 273088K, 89% used [0x00000000e7000000,0x00000000f5e329f0,0x00000000f7ab0000)
 PSPermGen       total 46784K, used 46493K [0x00000000e1e00000, 0x00000000e4bb0000, 0x00000000e7000000)
  object space 46784K, 99% used [0x00000000e1e00000,0x00000000e4b67530,0x00000000e4bb0000)
GC Heap History (10 events):
Event: 2992.685 GC heap after
Heap after GC invocations=44711 (full 90):
 PSYoungGen      total 136000K, used 384K [0x00000000f7ab0000, 0x0000000100000000, 0x0000000100000000)
  eden space 135488K, 0% used [0x00000000f7ab0000,0x00000000f7ab0000,0x00000000fff00000)
  from space 512K, 75% used [0x00000000fff00000,0x00000000fff60000,0x00000000fff80000)
  to   space 512K, 0% used [0x00000000fff80000,0x00000000fff80000,0x0000000100000000)
 ParOldGen       total 273088K, used 239716K [0x00000000e7000000, 0x00000000f7ab0000, 0x00000000f7ab0000)
  object space 273088K, 87% used [0x00000000e7000000,0x00000000f5a190c8,0x00000000f7ab0000)
 PSPermGen       total 46784K, used 46493K [0x00000000e1e00000, 0x00000000e4bb0000, 0x00000000e7000000)
  object space 46784K, 99% used [0x00000000e1e00000,0x00000000e4b67530,0x00000000e4bb0000)
}
Event: 2992.742 GC heap before
{Heap before GC invocations=44712 (full 90):
 PSYoungGen      total 136000K, used 135872K [0x00000000f7ab0000, 0x0000000100000000, 0x0000000100000000)
  eden space 135488K, 100% used [0x00000000f7ab0000,0x00000000fff00000,0x00000000fff00000)
  from space 512K, 75% used [0x00000000fff00000,0x00000000fff60000,0x00000000fff80000)
  to   space 512K, 0% used [0x00000000fff80000,0x00000000fff80000,0x0000000100000000)
 ParOldGen       total 273088K, used 239716K [0x00000000e7000000, 0x00000000f7ab0000, 0x00000000f7ab0000)
  object space 273088K, 87% used [0x00000000e7000000,0x00000000f5a190c8,0x00000000f7ab0000)
 PSPermGen       total 46784K, used 46493K [0x00000000e1e00000, 0x00000000e4bb0000, 0x00000000e7000000)
  object space 46784K, 99% used [0x00000000e1e00000,0x00000000e4b67530,0x00000000e4bb0000)
Event: 2992.744 GC heap after
Heap after GC invocations=44712 (full 90):
 PSYoungGen      total 136000K, used 384K [0x00000000f7ab0000, 0x0000000100000000, 0x0000000100000000)
  eden space 135488K, 0% used [0x00000000f7ab0000,0x00000000f7ab0000,0x00000000fff00000)
  from space 512K, 75% used [0x00000000fff80000,0x00000000fffe0000,0x0000000100000000)
  to   space 512K, 0% used [0x00000000fff00000,0x00000000fff00000,0x00000000fff80000)
 ParOldGen       total 273088K, used 239884K [0x00000000e7000000, 0x00000000f7ab0000, 0x00000000f7ab0000)
  object space 273088K, 87% used [0x00000000e7000000,0x00000000f5a430c8,0x00000000f7ab0000)
 PSPermGen       total 46784K, used 46493K [0x00000000e1e00000, 0x00000000e4bb0000, 0x00000000e7000000)
  object space 46784K, 99% used [0x00000000e1e00000,0x00000000e4b67530,0x00000000e4bb0000)
}
Event: 2992.805 GC heap before
{Heap before GC invocations=44713 (full 90):
 PSYoungGen      total 136000K, used 135872K [0x00000000f7ab0000, 0x0000000100000000, 0x0000000100000000)
  eden space 135488K, 100% used [0x00000000f7ab0000,0x00000000fff00000,0x00000000fff00000)
  from space 512K, 75% used [0x00000000fff80000,0x00000000fffe0000,0x0000000100000000)
  to   space 512K, 0% used [0x00000000fff00000,0x00000000fff00000,0x00000000fff80000)
 ParOldGen       total 273088K, used 239884K [0x00000000e7000000, 0x00000000f7ab0000, 0x00000000f7ab0000)
  object space 273088K, 87% used [0x00000000e7000000,0x00000000f5a430c8,0x00000000f7ab0000)
 PSPermGen       total 46784K, used 46493K [0x00000000e1e00000, 0x00000000e4bb0000, 0x00000000e7000000)
  object space 46784K, 99% used [0x00000000e1e00000,0x00000000e4b67530,0x00000000e4bb0000)
Event: 2992.807 GC heap after
Heap after GC invocations=44713 (full 90):
 PSYoungGen      total 136000K, used 416K [0x00000000f7ab0000, 0x0000000100000000, 0x0000000100000000)
  eden space 135488K, 0% used [0x00000000f7ab0000,0x00000000f7ab0000,0x00000000fff00000)
  from space 512K, 81% used [0x00000000fff00000,0x00000000fff68000,0x00000000fff80000)
  to   space 512K, 0% used [0x00000000fff80000,0x00000000fff80000,0x0000000100000000)
 ParOldGen       total 273088K, used 240044K [0x00000000e7000000, 0x00000000f7ab0000, 0x00000000f7ab0000)
  object space 273088K, 87% used [0x00000000e7000000,0x00000000f5a6b0c8,0x00000000f7ab0000)
 PSPermGen       total 46784K, used 46493K [0x00000000e1e00000, 0x00000000e4bb0000, 0x00000000e7000000)
  object space 46784K, 99% used [0x00000000e1e00000,0x00000000e4b67530,0x00000000e4bb0000)
}
Event: 2992.869 GC heap before
{Heap before GC invocations=44714 (full 90):
 PSYoungGen      total 136000K, used 135904K [0x00000000f7ab0000, 0x0000000100000000, 0x0000000100000000)
  eden space 135488K, 100% used [0x00000000f7ab0000,0x00000000fff00000,0x00000000fff00000)
  from space 512K, 81% used [0x00000000fff00000,0x00000000fff68000,0x00000000fff80000)
  to   space 512K, 0% used [0x00000000fff80000,0x00000000fff80000,0x0000000100000000)
 ParOldGen       total 273088K, used 240044K [0x00000000e7000000, 0x00000000f7ab0000, 0x00000000f7ab0000)
  object space 273088K, 87% used [0x00000000e7000000,0x00000000f5a6b0c8,0x00000000f7ab0000)
 PSPermGen       total 46784K, used 46493K [0x00000000e1e00000, 0x00000000e4bb0000, 0x00000000e7000000)
  object space 46784K, 99% used [0x00000000e1e00000,0x00000000e4b67530,0x00000000e4bb0000)
Event: 2992.871 GC heap after
Heap after GC invocations=44714 (full 90):
 PSYoungGen      total 136000K, used 384K [0x00000000f7ab0000, 0x0000000100000000, 0x0000000100000000)
  eden space 135488K, 0% used [0x00000000f7ab0000,0x00000000f7ab0000,0x00000000fff00000)
  from space 512K, 75% used [0x00000000fff80000,0x00000000fffe0000,0x0000000100000000)
  to   space 512K, 0% used [0x00000000fff00000,0x00000000fff00000,0x00000000fff80000)
 ParOldGen       total 273088K, used 240196K [0x00000000e7000000, 0x00000000f7ab0000, 0x00000000f7ab0000)
  object space 273088K, 87% used [0x00000000e7000000,0x00000000f5a910c8,0x00000000f7ab0000)
 PSPermGen       total 46784K, used 46493K [0x00000000e1e00000, 0x00000000e4bb0000, 0x00000000e7000000)
  object space 46784K, 99% used [0x00000000e1e00000,0x00000000e4b67530,0x00000000e4bb0000)
}
Event: 2992.934 GC heap before
{Heap before GC invocations=44715 (full 90):
 PSYoungGen      total 136000K, used 135872K [0x00000000f7ab0000, 0x0000000100000000, 0x0000000100000000)
  eden space 135488K, 100% used [0x00000000f7ab0000,0x00000000fff00000,0x00000000fff00000)
  from space 512K, 75% used [0x00000000fff80000,0x00000000fffe0000,0x0000000100000000)
  to   space 512K, 0% used [0x00000000fff00000,0x00000000fff00000,0x00000000fff80000)
 ParOldGen       total 273088K, used 240196K [0x00000000e7000000, 0x00000000f7ab0000, 0x00000000f7ab0000)
  object space 273088K, 87% used [0x00000000e7000000,0x00000000f5a910c8,0x00000000f7ab0000)
 PSPermGen       total 46784K, used 46493K [0x00000000e1e00000, 0x00000000e4bb0000, 0x00000000e7000000)
  object space 46784K, 99% used [0x00000000e1e00000,0x00000000e4b67530,0x00000000e4bb0000)
Event: 2992.937 GC heap after
Heap after GC invocations=44715 (full 90):
 PSYoungGen      total 136000K, used 487K [0x00000000f7ab0000, 0x0000000100000000, 0x0000000100000000)
  eden space 135488K, 0% used [0x00000000f7ab0000,0x00000000f7ab0000,0x00000000fff00000)
  from space 512K, 95% used [0x00000000fff00000,0x00000000fff79c50,0x00000000fff80000)
  to   space 512K, 0% used [0x00000000fff80000,0x00000000fff80000,0x0000000100000000)
 ParOldGen       total 273088K, used 242615K [0x00000000e7000000, 0x00000000f7ab0000, 0x00000000f7ab0000)
  object space 273088K, 88% used [0x00000000e7000000,0x00000000f5cedea8,0x00000000f7ab0000)
 PSPermGen       total 46784K, used 46493K [0x00000000e1e00000, 0x00000000e4bb0000, 0x00000000e7000000)
  object space 46784K, 99% used [0x00000000e1e00000,0x00000000e4b67530,0x00000000e4bb0000)
}
Event: 2993.014 GC heap before
{Heap before GC invocations=44716 (full 90):
 PSYoungGen      total 136000K, used 135975K [0x00000000f7ab0000, 0x0000000100000000, 0x0000000100000000)
  eden space 135488K, 100% used [0x00000000f7ab0000,0x00000000fff00000,0x00000000fff00000)
  from space 512K, 95% used [0x00000000fff00000,0x00000000fff79c50,0x00000000fff80000)
  to   space 512K, 0% used [0x00000000fff80000,0x00000000fff80000,0x0000000100000000)
 ParOldGen       total 273088K, used 242619K [0x00000000e7000000, 0x00000000f7ab0000, 0x00000000f7ab0000)
  object space 273088K, 88% used [0x00000000e7000000,0x00000000f5ceeda0,0x00000000f7ab0000)
 PSPermGen       total 46784K, used 46493K [0x00000000e1e00000, 0x00000000e4bb0000, 0x00000000e7000000)
  object space 46784K, 99% used [0x00000000e1e00000,0x00000000e4b67530,0x00000000e4bb0000)

