# JRE version: 7.0_21-b11
# Java VM: Java HotSpot(TM) 64-Bit Server VM (23.21-b01 mixed mode windows-amd64 compressed oops)
Heap
 PSYoungGen      total 135744K, used 416K [0x00000000f7ab0000, 0x0000000100000000, 0x0000000100000000)
  eden space 135104K, 0% used [0x00000000f7ab0000,0x00000000f7ab0000,0x00000000ffea0000)
  from space 640K, 65% used [0x00000000fff60000,0x00000000fffc8000,0x0000000100000000)
  to   space 640K, 0% used [0x00000000ffea0000,0x00000000ffea0000,0x00000000fff40000)
 ParOldGen       total 273088K, used 166695K [0x00000000e7000000, 0x00000000f7ab0000, 0x00000000f7ab0000)
  object space 273088K, 61% used [0x00000000e7000000,0x00000000f12c9e48,0x00000000f7ab0000)
 PSPermGen       total 46784K, used 46437K [0x00000000e1e00000, 0x00000000e4bb0000, 0x00000000e7000000)
  object space 46784K, 99% used [0x00000000e1e00000,0x00000000e4b596e0,0x00000000e4bb0000)
GC Heap History (10 events):
Event: 1486.808 GC heap after
Heap after GC invocations=22290 (full 46):
 PSYoungGen      total 135680K, used 384K [0x00000000f7ab0000, 0x0000000100000000, 0x0000000100000000)
  eden space 134976K, 0% used [0x00000000f7ab0000,0x00000000f7ab0000,0x00000000ffe80000)
  from space 704K, 54% used [0x00000000ffe80000,0x00000000ffee0000,0x00000000fff30000)
  to   space 704K, 0% used [0x00000000fff50000,0x00000000fff50000,0x0000000100000000)
 ParOldGen       total 273088K, used 165863K [0x00000000e7000000, 0x00000000f7ab0000, 0x00000000f7ab0000)
  object space 273088K, 60% used [0x00000000e7000000,0x00000000f11f9e48,0x00000000f7ab0000)
 PSPermGen       total 46784K, used 46437K [0x00000000e1e00000, 0x00000000e4bb0000, 0x00000000e7000000)
  object space 46784K, 99% used [0x00000000e1e00000,0x00000000e4b596e0,0x00000000e4bb0000)
}
Event: 1486.871 GC heap before
{Heap before GC invocations=22291 (full 46):
 PSYoungGen      total 135680K, used 135360K [0x00000000f7ab0000, 0x0000000100000000, 0x0000000100000000)
  eden space 134976K, 100% used [0x00000000f7ab0000,0x00000000ffe80000,0x00000000ffe80000)
  from space 704K, 54% used [0x00000000ffe80000,0x00000000ffee0000,0x00000000fff30000)
  to   space 704K, 0% used [0x00000000fff50000,0x00000000fff50000,0x0000000100000000)
 ParOldGen       total 273088K, used 165863K [0x00000000e7000000, 0x00000000f7ab0000, 0x00000000f7ab0000)
  object space 273088K, 60% used [0x00000000e7000000,0x00000000f11f9e48,0x00000000f7ab0000)
 PSPermGen       total 46784K, used 46437K [0x00000000e1e00000, 0x00000000e4bb0000, 0x00000000e7000000)
  object space 46784K, 99% used [0x00000000e1e00000,0x00000000e4b596e0,0x00000000e4bb0000)
Event: 1486.873 GC heap after
Heap after GC invocations=22291 (full 46):
 PSYoungGen      total 135808K, used 384K [0x00000000f7ab0000, 0x0000000100000000, 0x0000000100000000)
  eden space 135104K, 0% used [0x00000000f7ab0000,0x00000000f7ab0000,0x00000000ffea0000)
  from space 704K, 54% used [0x00000000fff50000,0x00000000fffb0000,0x0000000100000000)
  to   space 704K, 0% used [0x00000000ffea0000,0x00000000ffea0000,0x00000000fff50000)
 ParOldGen       total 273088K, used 166031K [0x00000000e7000000, 0x00000000f7ab0000, 0x00000000f7ab0000)
  object space 273088K, 60% used [0x00000000e7000000,0x00000000f1223e48,0x00000000f7ab0000)
 PSPermGen       total 46784K, used 46437K [0x00000000e1e00000, 0x00000000e4bb0000, 0x00000000e7000000)
  object space 46784K, 99% used [0x00000000e1e00000,0x00000000e4b596e0,0x00000000e4bb0000)
}
Event: 1486.938 GC heap before
{Heap before GC invocations=22292 (full 46):
 PSYoungGen      total 135808K, used 135488K [0x00000000f7ab0000, 0x0000000100000000, 0x0000000100000000)
  eden space 135104K, 100% used [0x00000000f7ab0000,0x00000000ffea0000,0x00000000ffea0000)
  from space 704K, 54% used [0x00000000fff50000,0x00000000fffb0000,0x0000000100000000)
  to   space 704K, 0% used [0x00000000ffea0000,0x00000000ffea0000,0x00000000fff50000)
 ParOldGen       total 273088K, used 166031K [0x00000000e7000000, 0x00000000f7ab0000, 0x00000000f7ab0000)
  object space 273088K, 60% used [0x00000000e7000000,0x00000000f1223e48,0x00000000f7ab0000)
 PSPermGen       total 46784K, used 46437K [0x00000000e1e00000, 0x00000000e4bb0000, 0x00000000e7000000)
  object space 46784K, 99% used [0x00000000e1e00000,0x00000000e4b596e0,0x00000000e4bb0000)
Event: 1486.940 GC heap after
Heap after GC invocations=22292 (full 46):
 PSYoungGen      total 135552K, used 416K [0x00000000f7ab0000, 0x00000000fffe0000, 0x0000000100000000)
  eden space 135104K, 0% used [0x00000000f7ab0000,0x00000000f7ab0000,0x00000000ffea0000)
  from space 448K, 92% used [0x00000000ffea0000,0x00000000fff08000,0x00000000fff10000)
  to   space 640K, 0% used [0x00000000fff40000,0x00000000fff40000,0x00000000fffe0000)
 ParOldGen       total 273088K, used 166199K [0x00000000e7000000, 0x00000000f7ab0000, 0x00000000f7ab0000)
  object space 273088K, 60% used [0x00000000e7000000,0x00000000f124de48,0x00000000f7ab0000)
 PSPermGen       total 46784K, used 46437K [0x00000000e1e00000, 0x00000000e4bb0000, 0x00000000e7000000)
  object space 46784K, 99% used [0x00000000e1e00000,0x00000000e4b596e0,0x00000000e4bb0000)
}
Event: 1487.005 GC heap before
{Heap before GC invocations=22293 (full 46):
 PSYoungGen      total 135552K, used 135520K [0x00000000f7ab0000, 0x00000000fffe0000, 0x0000000100000000)
  eden space 135104K, 100% used [0x00000000f7ab0000,0x00000000ffea0000,0x00000000ffea0000)
  from space 448K, 92% used [0x00000000ffea0000,0x00000000fff08000,0x00000000fff10000)
  to   space 640K, 0% used [0x00000000fff40000,0x00000000fff40000,0x00000000fffe0000)
 ParOldGen       total 273088K, used 166199K [0x00000000e7000000, 0x00000000f7ab0000, 0x00000000f7ab0000)
  object space 273088K, 60% used [0x00000000e7000000,0x00000000f124de48,0x00000000f7ab0000)
 PSPermGen       total 46784K, used 46437K [0x00000000e1e00000, 0x00000000e4bb0000, 0x00000000e7000000)
  object space 46784K, 99% used [0x00000000e1e00000,0x00000000e4b596e0,0x00000000e4bb0000)
Event: 1487.007 GC heap after
Heap after GC invocations=22293 (full 46):
 PSYoungGen      total 135744K, used 384K [0x00000000f7ab0000, 0x0000000100000000, 0x0000000100000000)
  eden space 135104K, 0% used [0x00000000f7ab0000,0x00000000f7ab0000,0x00000000ffea0000)
  from space 640K, 60% used [0x00000000fff40000,0x00000000fffa0000,0x00000000fffe0000)
  to   space 640K, 0% used [0x00000000ffea0000,0x00000000ffea0000,0x00000000fff40000)
 ParOldGen       total 273088K, used 166367K [0x00000000e7000000, 0x00000000f7ab0000, 0x00000000f7ab0000)
  object space 273088K, 60% used [0x00000000e7000000,0x00000000f1277e48,0x00000000f7ab0000)
 PSPermGen       total 46784K, used 46437K [0x00000000e1e00000, 0x00000000e4bb0000, 0x00000000e7000000)
  object space 46784K, 99% used [0x00000000e1e00000,0x00000000e4b596e0,0x00000000e4bb0000)
}
Event: 1487.063 GC heap before
{Heap before GC invocations=22294 (full 46):
 PSYoungGen      total 135744K, used 135488K [0x00000000f7ab0000, 0x0000000100000000, 0x0000000100000000)
  eden space 135104K, 100% used [0x00000000f7ab0000,0x00000000ffea0000,0x00000000ffea0000)
  from space 640K, 60% used [0x00000000fff40000,0x00000000fffa0000,0x00000000fffe0000)
  to   space 640K, 0% used [0x00000000ffea0000,0x00000000ffea0000,0x00000000fff40000)
 ParOldGen       total 273088K, used 166367K [0x00000000e7000000, 0x00000000f7ab0000, 0x00000000f7ab0000)
  object space 273088K, 60% used [0x00000000e7000000,0x00000000f1277e48,0x00000000f7ab0000)
 PSPermGen       total 46784K, used 46437K [0x00000000e1e00000, 0x00000000e4bb0000, 0x00000000e7000000)
  object space 46784K, 99% used [0x00000000e1e00000,0x00000000e4b596e0,0x00000000e4bb0000)
Event: 1487.065 GC heap after
Heap after GC invocations=22294 (full 46):
 PSYoungGen      total 135744K, used 384K [0x00000000f7ab0000, 0x0000000100000000, 0x0000000100000000)
  eden space 135104K, 0% used [0x00000000f7ab0000,0x00000000f7ab0000,0x00000000ffea0000)
  from space 640K, 60% used [0x00000000ffea0000,0x00000000fff00000,0x00000000fff40000)
  to   space 640K, 0% used [0x00000000fff60000,0x00000000fff60000,0x0000000100000000)
 ParOldGen       total 273088K, used 166543K [0x00000000e7000000, 0x00000000f7ab0000, 0x00000000f7ab0000)
  object space 273088K, 60% used [0x00000000e7000000,0x00000000f12a3e48,0x00000000f7ab0000)
 PSPermGen       total 46784K, used 46437K [0x00000000e1e00000, 0x00000000e4bb0000, 0x00000000e7000000)
  object space 46784K, 99% used [0x00000000e1e00000,0x00000000e4b596e0,0x00000000e4bb0000)
}
Event: 1487.122 GC heap before
{Heap before GC invocations=22295 (full 46):
 PSYoungGen      total 135744K, used 135488K [0x00000000f7ab0000, 0x0000000100000000, 0x0000000100000000)
  eden space 135104K, 100% used [0x00000000f7ab0000,0x00000000ffea0000,0x00000000ffea0000)
  from space 640K, 60% used [0x00000000ffea0000,0x00000000fff00000,0x00000000fff40000)
  to   space 640K, 0% used [0x00000000fff60000,0x00000000fff60000,0x0000000100000000)
 ParOldGen       total 273088K, used 166543K [0x00000000e7000000, 0x00000000f7ab0000, 0x00000000f7ab0000)
  object space 273088K, 60% used [0x00000000e7000000,0x00000000f12a3e48,0x00000000f7ab0000)
 PSPermGen       total 46784K, used 46437K [0x00000000e1e00000, 0x00000000e4bb0000, 0x00000000e7000000)
  object space 46784K, 99% used [0x00000000e1e00000,0x00000000e4b596e0,0x00000000e4bb0000)

